# JRE version: Java(TM) SE Runtime Environment (8.0_231-b11) (build 1.8.0_231-b11)
# Java VM: Java HotSpot(TM) 64-Bit Server VM (25.231-b11 mixed mode windows-amd64 compressed oops)
Heap:
 PSYoungGen      total 71680K, used 4740K [0x0000000770a00000, 0x0000000775a00000, 0x00000007c0000000)
  eden space 61440K, 0% used [0x0000000770a00000,0x0000000770a00000,0x0000000774600000)
  from space 10240K, 46% used [0x0000000775000000,0x00000007754a13d8,0x0000000775a00000)
  to   space 10240K, 0% used [0x0000000774600000,0x0000000774600000,0x0000000775000000)
 ParOldGen       total 110080K, used 1568K [0x00000006d1e00000, 0x00000006d8980000, 0x0000000770a00000)
  object space 110080K, 1% used [0x00000006d1e00000,0x00000006d1f88058,0x00000006d8980000)
 Metaspace       used 10530K, capacity 10730K, committed 10880K, reserved 1067008K
  class space    used 1218K, capacity 1291K, committed 1408K, reserved 1048576K
GC Heap History (5 events):
Event: 0.543 GC heap before
{Heap before GC invocations=1 (full 0):
 PSYoungGen      total 71680K, used 11062K [0x0000000770a00000, 0x0000000775a00000, 0x00000007c0000000)
  eden space 61440K, 18% used [0x0000000770a00000,0x00000007714cdb68,0x0000000774600000)
  from space 10240K, 0% used [0x0000000775000000,0x0000000775000000,0x0000000775a00000)
  to   space 10240K, 0% used [0x0000000774600000,0x0000000774600000,0x0000000775000000)
 ParOldGen       total 163840K, used 0K [0x00000006d1e00000, 0x00000006dbe00000, 0x0000000770a00000)
  object space 163840K, 0% used [0x00000006d1e00000,0x00000006d1e00000,0x00000006dbe00000)
 Metaspace       used 5123K, capacity 5250K, committed 5376K, reserved 1060864K
  class space    used 580K, capacity 665K, committed 768K, reserved 1048576K
Event: 0.546 GC heap after
Heap after GC invocations=1 (full 0):
 PSYoungGen      total 71680K, used 1722K [0x0000000770a00000, 0x0000000775a00000, 0x00000007c0000000)
  eden space 61440K, 0% used [0x0000000770a00000,0x0000000770a00000,0x0000000774600000)
  from space 10240K, 16% used [0x0000000774600000,0x00000007747aea08,0x0000000775000000)
  to   space 10240K, 0% used [0x0000000775000000,0x0000000775000000,0x0000000775a00000)
 ParOldGen       total 163840K, used 8K [0x00000006d1e00000, 0x00000006dbe00000, 0x0000000770a00000)
  object space 163840K, 0% used [0x00000006d1e00000,0x00000006d1e02000,0x00000006dbe00000)
 Metaspace       used 5123K, capacity 5250K, committed 5376K, reserved 1060864K
  class space    used 580K, capacity 665K, committed 768K, reserved 1048576K
}
Event: 0.546 GC heap before
{Heap before GC invocations=2 (full 1):
 PSYoungGen      total 71680K, used 1722K [0x0000000770a00000, 0x0000000775a00000, 0x00000007c0000000)
  eden space 61440K, 0% used [0x0000000770a00000,0x0000000770a00000,0x0000000774600000)
  from space 10240K, 16% used [0x0000000774600000,0x00000007747aea08,0x0000000775000000)
  to   space 10240K, 0% used [0x0000000775000000,0x0000000775000000,0x0000000775a00000)
 ParOldGen       total 163840K, used 8K [0x00000006d1e00000, 0x00000006dbe00000, 0x0000000770a00000)
  object space 163840K, 0% used [0x00000006d1e00000,0x00000006d1e02000,0x00000006dbe00000)
 Metaspace       used 5123K, capacity 5250K, committed 5376K, reserved 1060864K
  class space    used 580K, capacity 665K, committed 768K, reserved 1048576K
Event: 0.555 GC heap after
Heap after GC invocations=2 (full 1):
 PSYoungGen      total 71680K, used 0K [0x0000000770a00000, 0x0000000775a00000, 0x00000007c0000000)
  eden space 61440K, 0% used [0x0000000770a00000,0x0000000770a00000,0x0000000774600000)
  from space 10240K, 0% used [0x0000000774600000,0x0000000774600000,0x0000000775000000)
  to   space 10240K, 0% used [0x0000000775000000,0x0000000775000000,0x0000000775a00000)
 ParOldGen       total 110080K, used 1560K [0x00000006d1e00000, 0x00000006d8980000, 0x0000000770a00000)
  object space 110080K, 1% used [0x00000006d1e00000,0x00000006d1f86058,0x00000006d8980000)
 Metaspace       used 5123K, capacity 5250K, committed 5376K, reserved 1058816K
  class space    used 580K, capacity 665K, committed 768K, reserved 1048576K
}
Event: 2.516 GC heap before
{Heap before GC invocations=3 (full 1):
 PSYoungGen      total 71680K, used 36923K [0x0000000770a00000, 0x0000000775a00000, 0x00000007c0000000)
  eden space 61440K, 60% used [0x0000000770a00000,0x0000000772e0efb0,0x0000000774600000)
  from space 10240K, 0% used [0x0000000774600000,0x0000000774600000,0x0000000775000000)
  to   space 10240K, 0% used [0x0000000775000000,0x0000000775000000,0x0000000775a00000)
 ParOldGen       total 110080K, used 1560K [0x00000006d1e00000, 0x00000006d8980000, 0x0000000770a00000)
  object space 110080K, 1% used [0x00000006d1e00000,0x00000006d1f86058,0x00000006d8980000)
 Metaspace       used 10530K, capacity 10730K, committed 10880K, reserved 1067008K
  class space    used 1218K, capacity 1291K, committed 1408K, reserved 1048576K

